<?xml version="1.0" encoding="UTF-8"?>
<!-- Generated by org.testng.reporters.JUnitXMLReporter -->
<testsuite hostname="LAPTOP-2BKDH2B5" ignored="0" name="Test" tests="3" failures="0" timestamp="28 Sep 2021 19:01:33 GMT" time="0.059" errors="0">
  <testcase name="TC01" time="0.018" classname="org.testing.ParallelTest"/>
  <testcase name="TC03" time="0.018" classname="org.testing.ParallelTest"/>
  <testcase name="TC02" time="0.018" classname="org.testing.ParallelTest"/>
</testsuite> <!-- Test -->
